<?xml version="1.0" encoding="UTF-8"?>
<!-- Generated by org.testng.reporters.JUnitXMLReporter -->
<testsuite hostname="DESKTOP-JEJ8T8P" ignored="3" name="Default test(failed)" tests="6" failures="1" timestamp="12 Jul 2022 03:49:51 GMT" time="0.082" errors="0">
  <testcase name="test02" time="0.012" classname="com.rerun.Rerun">
    <skipped/>
  </testcase> <!-- test02 -->
  <testcase name="test02" time="0.002" classname="com.rerun.Rerun">
    <skipped/>
  </testcase> <!-- test02 -->
  <testcase name="test02" time="0.002" classname="com.rerun.Rerun">
    <skipped/>
  </testcase> <!-- test02 -->
  <testcase name="test02" time="0.001" classname="com.rerun.Rerun">
    <skipped/>
  </testcase> <!-- test02 -->
  <testcase name="test02" time="0.001" classname="com.rerun.Rerun">
    <skipped/>
  </testcase> <!-- test02 -->
  <testcase name="test02" time="0.003" classname="com.rerun.Rerun">
    <failure type="java.lang.AssertionError" message="expected [true] but found [false]">
      <![CDATA[java.lang.AssertionError: expected [true] but found [false]
at com.rerun.Rerun.test02(Rerun.java:19)
... Removed 29 stack frames]]>
    </failure>
  </testcase> <!-- test02 -->
  <testcase name="test03" time="0.0" classname="com.rerun.Rerun">
    <ignored/>
  </testcase> <!-- test03 -->
  <testcase name="test01" time="0.0" classname="com.rerun.Rerun">
    <ignored/>
  </testcase> <!-- test01 -->
  <testcase name="test04" time="0.0" classname="com.rerun.Rerun">
    <ignored/>
  </testcase> <!-- test04 -->
</testsuite> <!-- Default test(failed) -->
