<?xml version="1.0" encoding="UTF-8"?>
<!-- Generated by org.testng.reporters.JUnitXMLReporter -->
<testsuite hostname="DESKTOP-JEJ8T8P" ignored="0" name="Test2" tests="9" failures="0" timestamp="12 Jul 2022 04:10:15 GMT" time="53.506" errors="0">
  <testcase name="tc02" time="15.528" classname="com.testng.Sample3"/>
  <testcase name="tc02" time="15.698" classname="com.testng.Sample"/>
  <testcase name="tc02" time="18.137" classname="com.testng.Sample2"/>
  <testcase name="tc03" time="14.773" classname="com.testng.Sample"/>
  <testcase name="tc03" time="14.796" classname="com.testng.Sample3"/>
  <testcase name="tc03" time="14.381" classname="com.testng.Sample2"/>
  <testcase name="test01" time="19.096" classname="com.testng.Sample"/>
  <testcase name="test01" time="19.297" classname="com.testng.Sample3"/>
  <testcase name="test01" time="20.979" classname="com.testng.Sample2"/>
</testsuite> <!-- Test2 -->
