<?xml version="1.0" encoding="UTF-8"?>
<!-- Generated by org.testng.reporters.JUnitXMLReporter -->
<testsuite hostname="DESKTOP-JEJ8T8P" ignored="4" name="Test(failed)" tests="2" failures="2" timestamp="12 Jul 2022 16:01:26 GMT" time="0.078" errors="0">
  <testcase name="test03" time="0.016" classname="com.practicetestng.Sample">
    <failure type="java.lang.AssertionError" message="expected [true] but found [false]">
      <![CDATA[java.lang.AssertionError: expected [true] but found [false]
at com.practicetestng.Sample.test03(Sample.java:20)
... Removed 29 stack frames]]>
    </failure>
  </testcase> <!-- test03 -->
  <testcase name="test05" time="0.015" classname="com.practicetestng.Sample">
    <failure type="java.lang.AssertionError" message="expected [true] but found [false]">
      <![CDATA[java.lang.AssertionError: expected [true] but found [false]
at com.practicetestng.Sample.test05(Sample.java:29)
... Removed 29 stack frames]]>
    </failure>
  </testcase> <!-- test05 -->
  <testcase name="test04" time="0.0" classname="com.practicetestng.Sample">
    <ignored/>
  </testcase> <!-- test04 -->
  <testcase name="test01" time="0.0" classname="com.practicetestng.Sample">
    <ignored/>
  </testcase> <!-- test01 -->
  <testcase name="test02" time="0.0" classname="com.practicetestng.Sample">
    <ignored/>
  </testcase> <!-- test02 -->
  <testcase name="test06" time="0.0" classname="com.practicetestng.Sample">
    <ignored/>
  </testcase> <!-- test06 -->
</testsuite> <!-- Test(failed) -->
